0 info it worked if it ends with ok
1 verbose cli [ '/Users/tobyflemming/.nvm/versions/node/v0.12.5/bin/node',
1 verbose cli   '/Users/tobyflemming/.nvm/versions/node/v0.12.5/bin/npm',
1 verbose cli   'run',
1 verbose cli   'prod' ]
2 info using npm@2.11.2
3 info using node@v0.12.5
4 verbose run-script [ 'preprod', 'prod', 'postprod' ]
5 info preprod webpack-dev-api-server@1.0.0
6 info prod webpack-dev-api-server@1.0.0
7 verbose unsafe-perm in lifecycle true
8 info webpack-dev-api-server@1.0.0 Failed to exec prod script
9 verbose stack Error: webpack-dev-api-server@1.0.0 prod: `webpack && NODE_ENV=prod node mainServer.js`
9 verbose stack Exit status 1
9 verbose stack     at EventEmitter.<anonymous> (/Users/tobyflemming/.nvm/versions/node/v0.12.5/lib/node_modules/npm/lib/utils/lifecycle.js:213:16)
9 verbose stack     at EventEmitter.emit (events.js:110:17)
9 verbose stack     at ChildProcess.<anonymous> (/Users/tobyflemming/.nvm/versions/node/v0.12.5/lib/node_modules/npm/lib/utils/spawn.js:24:14)
9 verbose stack     at ChildProcess.emit (events.js:110:17)
9 verbose stack     at maybeClose (child_process.js:1015:16)
9 verbose stack     at Process.ChildProcess._handle.onexit (child_process.js:1087:5)
10 verbose pkgid webpack-dev-api-server@1.0.0
11 verbose cwd /Users/tobyflemming/Projects/moodify
12 error Darwin 14.5.0
13 error argv "/Users/tobyflemming/.nvm/versions/node/v0.12.5/bin/node" "/Users/tobyflemming/.nvm/versions/node/v0.12.5/bin/npm" "run" "prod"
14 error node v0.12.5
15 error npm  v2.11.2
16 error code ELIFECYCLE
17 error webpack-dev-api-server@1.0.0 prod: `webpack && NODE_ENV=prod node mainServer.js`
17 error Exit status 1
18 error Failed at the webpack-dev-api-server@1.0.0 prod script 'webpack && NODE_ENV=prod node mainServer.js'.
18 error This is most likely a problem with the webpack-dev-api-server package,
18 error not with npm itself.
18 error Tell the author that this fails on your system:
18 error     webpack && NODE_ENV=prod node mainServer.js
18 error You can get their info via:
18 error     npm owner ls webpack-dev-api-server
18 error There is likely additional logging output above.
19 verbose exit [ 1, true ]
